# JRE version: OpenJDK Runtime Environment Temurin-17.0.7+7 (17.0.7+7) (build 17.0.7+7)
# Java VM: OpenJDK 64-Bit Server VM Temurin-17.0.7+7 (17.0.7+7, mixed mode, sharing, tiered, compressed oops, compressed class ptrs, g1 gc, windows-amd64)
GC Precious Log:
 CPUs: 4 total, 4 available
 Memory: 3927M
 Large Page Support: Disabled
 NUMA Support: Disabled
 Compressed Oops: Enabled (32-bit)
 Heap Region Size: 1M
 Heap Min Capacity: 8M
 Heap Initial Capacity: 62M
 Heap Max Capacity: 982M
 Pre-touch: Disabled
 Parallel Workers: 4
 Concurrent Workers: 1
 Concurrent Refinement Workers: 4
 Periodic GC: Disabled
Heap:
 garbage-first heap   total 111616K, used 64732K [0x00000000c2a00000, 0x0000000100000000)
  region size 1024K, 1 young (1024K), 1 survivors (1024K)
 Metaspace       used 18704K, committed 19008K, reserved 1114112K
  class space    used 2638K, committed 2816K, reserved 1048576K
GC Heap History (20 events):
Event: 12.663 GC heap after
{Heap after GC invocations=3 (full 0):
 garbage-first heap   total 63488K, used 11522K [0x00000000c2a00000, 0x0000000100000000)
  region size 1024K, 5 young (5120K), 5 survivors (5120K)
 Metaspace       used 16434K, committed 16640K, reserved 1114112K
  class space    used 2380K, committed 2496K, reserved 1048576K
}
Event: 17.153 GC heap before
{Heap before GC invocations=3 (full 0):
 garbage-first heap   total 63488K, used 41218K [0x00000000c2a00000, 0x0000000100000000)
  region size 1024K, 15 young (15360K), 5 survivors (5120K)
 Metaspace       used 18338K, committed 18624K, reserved 1114112K
  class space    used 2629K, committed 2752K, reserved 1048576K
}
Event: 17.162 GC heap after
{Heap after GC invocations=4 (full 0):
 garbage-first heap   total 63488K, used 33795K [0x00000000c2a00000, 0x0000000100000000)
  region size 1024K, 2 young (2048K), 2 survivors (2048K)
 Metaspace       used 18338K, committed 18624K, reserved 1114112K
  class space    used 2629K, committed 2752K, reserved 1048576K
}
Event: 17.224 GC heap before
{Heap before GC invocations=5 (full 0):
 garbage-first heap   total 63488K, used 35843K [0x00000000c2a00000, 0x0000000100000000)
  region size 1024K, 3 young (3072K), 2 survivors (2048K)
 Metaspace       used 18341K, committed 18624K, reserved 1114112K
  class space    used 2629K, committed 2752K, reserved 1048576K
}
Event: 17.228 GC heap after
{Heap after GC invocations=6 (full 0):
 garbage-first heap   total 63488K, used 35980K [0x00000000c2a00000, 0x0000000100000000)
  region size 1024K, 1 young (1024K), 1 survivors (1024K)
 Metaspace       used 18341K, committed 18624K, reserved 1114112K
  class space    used 2629K, committed 2752K, reserved 1048576K
}
Event: 17.904 GC heap before
{Heap before GC invocations=7 (full 0):
 garbage-first heap   total 65536K, used 41100K [0x00000000c2a00000, 0x0000000100000000)
  region size 1024K, 3 young (3072K), 1 survivors (1024K)
 Metaspace       used 18454K, committed 18752K, reserved 1114112K
  class space    used 2629K, committed 2752K, reserved 1048576K
}
Event: 17.906 GC heap after
{Heap after GC invocations=8 (full 0):
 garbage-first heap   total 65536K, used 39975K [0x00000000c2a00000, 0x0000000100000000)
  region size 1024K, 1 young (1024K), 1 survivors (1024K)
 Metaspace       used 18454K, committed 18752K, reserved 1114112K
  class space    used 2629K, committed 2752K, reserved 1048576K
}
Event: 18.001 GC heap before
{Heap before GC invocations=9 (full 0):
 garbage-first heap   total 65536K, used 36903K [0x00000000c2a00000, 0x0000000100000000)
  region size 1024K, 2 young (2048K), 1 survivors (1024K)
 Metaspace       used 18466K, committed 18752K, reserved 1114112K
  class space    used 2629K, committed 2752K, reserved 1048576K
}
Event: 18.002 GC heap after
{Heap after GC invocations=10 (full 0):
 garbage-first heap   total 65536K, used 36897K [0x00000000c2a00000, 0x0000000100000000)
  region size 1024K, 1 young (1024K), 1 survivors (1024K)
 Metaspace       used 18466K, committed 18752K, reserved 1114112K
  class space    used 2629K, committed 2752K, reserved 1048576K
}
Event: 18.106 GC heap before
{Heap before GC invocations=11 (full 0):
 garbage-first heap   total 70656K, used 48161K [0x00000000c2a00000, 0x0000000100000000)
  region size 1024K, 2 young (2048K), 1 survivors (1024K)
 Metaspace       used 18510K, committed 18752K, reserved 1114112K
  class space    used 2633K, committed 2752K, reserved 1048576K
}
Event: 18.108 GC heap after
{Heap after GC invocations=12 (full 0):
 garbage-first heap   total 70656K, used 48197K [0x00000000c2a00000, 0x0000000100000000)
  region size 1024K, 1 young (1024K), 1 survivors (1024K)
 Metaspace       used 18510K, committed 18752K, reserved 1114112K
  class space    used 2633K, committed 2752K, reserved 1048576K
}
Event: 18.178 GC heap before
{Heap before GC invocations=13 (full 0):
 garbage-first heap   total 87040K, used 50245K [0x00000000c2a00000, 0x0000000100000000)
  region size 1024K, 2 young (2048K), 1 survivors (1024K)
 Metaspace       used 18540K, committed 18816K, reserved 1114112K
  class space    used 2633K, committed 2752K, reserved 1048576K
}
Event: 18.180 GC heap after
{Heap after GC invocations=14 (full 0):
 garbage-first heap   total 87040K, used 50269K [0x00000000c2a00000, 0x0000000100000000)
  region size 1024K, 1 young (1024K), 1 survivors (1024K)
 Metaspace       used 18540K, committed 18816K, reserved 1114112K
  class space    used 2633K, committed 2752K, reserved 1048576K
}
Event: 19.118 GC heap before
{Heap before GC invocations=15 (full 0):
 garbage-first heap   total 89088K, used 51293K [0x00000000c2a00000, 0x0000000100000000)
  region size 1024K, 2 young (2048K), 1 survivors (1024K)
 Metaspace       used 18608K, committed 18880K, reserved 1114112K
  class space    used 2633K, committed 2752K, reserved 1048576K
}
Event: 19.123 GC heap after
{Heap after GC invocations=16 (full 0):
 garbage-first heap   total 89088K, used 47242K [0x00000000c2a00000, 0x0000000100000000)
  region size 1024K, 1 young (1024K), 1 survivors (1024K)
 Metaspace       used 18608K, committed 18880K, reserved 1114112K
  class space    used 2633K, committed 2752K, reserved 1048576K
}
Event: 19.208 GC heap before
{Heap before GC invocations=17 (full 0):
 garbage-first heap   total 89088K, used 50314K [0x00000000c2a00000, 0x0000000100000000)
  region size 1024K, 2 young (2048K), 1 survivors (1024K)
 Metaspace       used 18648K, committed 18944K, reserved 1114112K
  class space    used 2636K, committed 2752K, reserved 1048576K
}
Event: 19.214 GC heap after
{Heap after GC invocations=18 (full 0):
 garbage-first heap   total 89088K, used 50325K [0x00000000c2a00000, 0x0000000100000000)
  region size 1024K, 1 young (1024K), 1 survivors (1024K)
 Metaspace       used 18648K, committed 18944K, reserved 1114112K
  class space    used 2636K, committed 2752K, reserved 1048576K
}
Event: 19.367 GC heap before
{Heap before GC invocations=19 (full 0):
 garbage-first heap   total 92160K, used 56469K [0x00000000c2a00000, 0x0000000100000000)
  region size 1024K, 2 young (2048K), 1 survivors (1024K)
 Metaspace       used 18690K, committed 19008K, reserved 1114112K
  class space    used 2638K, committed 2816K, reserved 1048576K
}
Event: 19.370 GC heap after
{Heap after GC invocations=20 (full 0):
 garbage-first heap   total 92160K, used 56511K [0x00000000c2a00000, 0x0000000100000000)
  region size 1024K, 1 young (1024K), 1 survivors (1024K)
 Metaspace       used 18690K, committed 19008K, reserved 1114112K
  class space    used 2638K, committed 2816K, reserved 1048576K
}
Event: 19.442 GC heap before
{Heap before GC invocations=21 (full 0):
 garbage-first heap   total 111616K, used 64703K [0x00000000c2a00000, 0x0000000100000000)
  region size 1024K, 2 young (2048K), 1 survivors (1024K)
 Metaspace       used 18704K, committed 19008K, reserved 1114112K
  class space    used 2638K, committed 2816K, reserved 1048576K
}

